This file contains any messages produced by compilers while
running configure, to aid debugging if configure makes a mistake.

It was created by package-unused configure version-unused, which was
generated by GNU Autoconf 2.64.  Invocation command line was

  $ /home/ravitejareddy/Desktop/HomeNextGen/rust-setup/rust/src/libstd/../libbacktrace/configure --target=mips-unknown-linux-gnu --host=x86_64-unknown-linux-gnu

## --------- ##
## Platform. ##
## --------- ##

hostname = ubuntu
uname -m = x86_64
uname -r = 3.13.0-49-generic
uname -s = Linux
uname -v = #83-Ubuntu SMP Fri Apr 10 20:11:33 UTC 2015

/usr/bin/uname -p = unknown
/bin/uname -X     = unknown

/bin/arch              = unknown
/usr/bin/arch -k       = unknown
/usr/convex/getsysinfo = unknown
/usr/bin/hostinfo      = unknown
/bin/machine           = unknown
/usr/bin/oslevel       = unknown
/bin/universe          = unknown

PATH: /usr/local/sbin
PATH: /usr/local/bin
PATH: /usr/sbin
PATH: /usr/bin
PATH: /sbin
PATH: /bin
PATH: /usr/games
PATH: /usr/local/games
PATH: /usr/local/go/bin
PATH: /home/ravitejareddy/Desktop/GO_PROJECTS/bin
PATH: /home/ravitejareddy/Desktop/HomeNextGen/rust-setup/../openwrt/staging_dir/toolchain-mips_34kc_gcc-4.8-linaro_uClibc-0.9.33.2/bin


## ----------- ##
## Core tests. ##
## ----------- ##

configure:2523: checking build system type
configure:2537: result: x86_64-unknown-linux-uclibc
configure:2557: checking host system type
configure:2570: result: x86_64-unknown-linux-gnu
configure:2590: checking target system type
configure:2603: result: mips-unknown-linux-gnu
configure:2640: checking for x86_64-unknown-linux-gnu-gcc
configure:2667: result: mips-openwrt-linux-gcc
configure:2936: checking for C compiler version
configure:2945: mips-openwrt-linux-gcc --version >&5
mips-openwrt-linux-gcc (OpenWrt/Linaro GCC 4.8-2014.04 r46062) 4.8.3
Copyright (C) 2013 Free Software Foundation, Inc.
This is free software; see the source for copying conditions.  There is NO
warranty; not even for MERCHANTABILITY or FITNESS FOR A PARTICULAR PURPOSE.

configure:2956: $? = 0
configure:2945: mips-openwrt-linux-gcc -v >&5
Reading specs from /home/ravitejareddy/Desktop/HomeNextGen/openwrt/staging_dir/toolchain-mips_34kc_gcc-4.8-linaro_uClibc-0.9.33.2/lib/gcc/mips-openwrt-linux-uclibc/4.8.3/specs
COLLECT_GCC=mips-openwrt-linux-gcc
COLLECT_LTO_WRAPPER=/home/ravitejareddy/Desktop/HomeNextGen/openwrt/staging_dir/toolchain-mips_34kc_gcc-4.8-linaro_uClibc-0.9.33.2/libexec/gcc/mips-openwrt-linux-uclibc/4.8.3/lto-wrapper
Target: mips-openwrt-linux-uclibc
Configured with: /home/ravitejareddy/Desktop/HomeNextGen/openwrt/build_dir/toolchain-mips_34kc_gcc-4.8-linaro_uClibc-0.9.33.2/gcc-linaro-4.8-2014.04/configure --with-bugurl=https://dev.openwrt.org/ --with-pkgversion='OpenWrt/Linaro GCC 4.8-2014.04 r46062' --prefix=/home/ravitejareddy/Desktop/HomeNextGen/openwrt/staging_dir/toolchain-mips_34kc_gcc-4.8-linaro_uClibc-0.9.33.2 --build=x86_64-linux-gnu --host=x86_64-linux-gnu --target=mips-openwrt-linux-uclibc --with-gnu-ld --enable-target-optspace --disable-libgomp --disable-libmudflap --disable-multilib --disable-nls --with-host-libstdcxx=-lstdc++ --with-float=soft --with-gmp=/home/ravitejareddy/Desktop/HomeNextGen/openwrt/staging_dir/host --with-mpfr=/home/ravitejareddy/Desktop/HomeNextGen/openwrt/staging_dir/host --with-mpc=/home/ravitejareddy/Desktop/HomeNextGen/openwrt/staging_dir/host --disable-decimal-float --with-mips-plt --disable-libssp --disable-__cxa_atexit --with-headers=/home/ravitejareddy/Desktop/HomeNextGen/openwrt/staging_dir/toolchain-mips_34kc_gcc-4.8-linaro_uClibc-0.9.33.2/include --disable-libsanitizer --enable-languages=c,c++ --enable-shared --enable-threads --with-slibdir=/home/ravitejareddy/Desktop/HomeNextGen/openwrt/staging_dir/toolchain-mips_34kc_gcc-4.8-linaro_uClibc-0.9.33.2/lib
Thread model: posix
gcc version 4.8.3 (OpenWrt/Linaro GCC 4.8-2014.04 r46062) 
configure:2956: $? = 0
configure:2945: mips-openwrt-linux-gcc -V >&5
mips-openwrt-linux-gcc: error: unrecognized command line option '-V'
mips-openwrt-linux-gcc: fatal error: no input files
compilation terminated.
configure:2956: $? = 1
configure:2945: mips-openwrt-linux-gcc -qversion >&5
mips-openwrt-linux-gcc: error: unrecognized command line option '-qversion'
mips-openwrt-linux-gcc: fatal error: no input files
compilation terminated.
configure:2956: $? = 1
configure:2976: checking for C compiler default output file name
configure:2998: mips-openwrt-linux-gcc -Wall -g -fPIC -mips32r2 -msoft-float -mabi=32 -fno-stack-protector   conftest.c  >&5
mips-openwrt-linux-gcc: warning: environment variable 'STAGING_DIR' not defined
mips-openwrt-linux-gcc: warning: environment variable 'STAGING_DIR' not defined
mips-openwrt-linux-gcc: warning: environment variable 'STAGING_DIR' not defined
configure:3002: $? = 0
configure:3039: result: a.out
configure:3055: checking whether the C compiler works
configure:3064: ./a.out
/home/ravitejareddy/Desktop/HomeNextGen/rust-setup/rust/src/libstd/../libbacktrace/configure: line 3066: ./a.out: cannot execute binary file: Exec format error
configure:3068: $? = 126
configure:3083: result: yes
configure:3090: checking whether we are cross compiling
configure:3092: result: yes
configure:3095: checking for suffix of executables
configure:3102: mips-openwrt-linux-gcc -o conftest -Wall -g -fPIC -mips32r2 -msoft-float -mabi=32 -fno-stack-protector   conftest.c  >&5
mips-openwrt-linux-gcc: warning: environment variable 'STAGING_DIR' not defined
mips-openwrt-linux-gcc: warning: environment variable 'STAGING_DIR' not defined
mips-openwrt-linux-gcc: warning: environment variable 'STAGING_DIR' not defined
configure:3106: $? = 0
configure:3128: result: 
configure:3134: checking for suffix of object files
configure:3156: mips-openwrt-linux-gcc -c -Wall -g -fPIC -mips32r2 -msoft-float -mabi=32 -fno-stack-protector  conftest.c >&5
mips-openwrt-linux-gcc: warning: environment variable 'STAGING_DIR' not defined
configure:3160: $? = 0
configure:3181: result: o
configure:3185: checking whether we are using the GNU C compiler
configure:3204: mips-openwrt-linux-gcc -c -Wall -g -fPIC -mips32r2 -msoft-float -mabi=32 -fno-stack-protector  conftest.c >&5
mips-openwrt-linux-gcc: warning: environment variable 'STAGING_DIR' not defined
configure:3204: $? = 0
configure:3213: result: yes
configure:3222: checking whether mips-openwrt-linux-gcc accepts -g
configure:3242: mips-openwrt-linux-gcc -c -g  conftest.c >&5
mips-openwrt-linux-gcc: warning: environment variable 'STAGING_DIR' not defined
configure:3242: $? = 0
configure: failed program was:
| /* confdefs.h */
| #define PACKAGE_NAME "package-unused"
| #define PACKAGE_TARNAME "libbacktrace"
| #define PACKAGE_VERSION "version-unused"
| #define PACKAGE_STRING "package-unused version-unused"
| #define PACKAGE_BUGREPORT ""
| #define PACKAGE_URL ""
| /* end confdefs.h.  */
| 
| int
| main ()
| {
| 
|   ;
|   return 0;
| }
configure:3257: mips-openwrt-linux-gcc -c   conftest.c >&5
mips-openwrt-linux-gcc: warning: environment variable 'STAGING_DIR' not defined
configure:3257: $? = 0
configure: failed program was:
| /* confdefs.h */
| #define PACKAGE_NAME "package-unused"
| #define PACKAGE_TARNAME "libbacktrace"
| #define PACKAGE_VERSION "version-unused"
| #define PACKAGE_STRING "package-unused version-unused"
| #define PACKAGE_BUGREPORT ""
| #define PACKAGE_URL ""
| /* end confdefs.h.  */
| 
| int
| main ()
| {
| 
|   ;
|   return 0;
| }
configure:3273: mips-openwrt-linux-gcc -c -g  conftest.c >&5
mips-openwrt-linux-gcc: warning: environment variable 'STAGING_DIR' not defined
configure:3273: $? = 0
configure:3283: result: yes
configure:3300: checking for mips-openwrt-linux-gcc option to accept ISO C89
configure:3364: mips-openwrt-linux-gcc  -c -Wall -g -fPIC -mips32r2 -msoft-float -mabi=32 -fno-stack-protector  conftest.c >&5
mips-openwrt-linux-gcc: warning: environment variable 'STAGING_DIR' not defined
configure:3364: $? = 0
configure:3377: result: none needed
configure:3403: checking how to run the C preprocessor
configure:3434: mips-openwrt-linux-gcc -E  conftest.c
mips-openwrt-linux-gcc: warning: environment variable 'STAGING_DIR' not defined
configure:3434: $? = 0
configure:3448: mips-openwrt-linux-gcc -E  conftest.c
mips-openwrt-linux-gcc: warning: environment variable 'STAGING_DIR' not defined
conftest.c:9:28: fatal error: ac_nonexistent.h: No such file or directory
 #include <ac_nonexistent.h>
                            ^
compilation terminated.
configure:3448: $? = 1
configure: failed program was:
| /* confdefs.h */
| #define PACKAGE_NAME "package-unused"
| #define PACKAGE_TARNAME "libbacktrace"
| #define PACKAGE_VERSION "version-unused"
| #define PACKAGE_STRING "package-unused version-unused"
| #define PACKAGE_BUGREPORT ""
| #define PACKAGE_URL ""
| /* end confdefs.h.  */
| #include <ac_nonexistent.h>
configure:3473: result: mips-openwrt-linux-gcc -E
configure:3493: mips-openwrt-linux-gcc -E  conftest.c
mips-openwrt-linux-gcc: warning: environment variable 'STAGING_DIR' not defined
configure:3493: $? = 0
configure:3507: mips-openwrt-linux-gcc -E  conftest.c
mips-openwrt-linux-gcc: warning: environment variable 'STAGING_DIR' not defined
conftest.c:9:28: fatal error: ac_nonexistent.h: No such file or directory
 #include <ac_nonexistent.h>
                            ^
compilation terminated.
configure:3507: $? = 1
configure: failed program was:
| /* confdefs.h */
| #define PACKAGE_NAME "package-unused"
| #define PACKAGE_TARNAME "libbacktrace"
| #define PACKAGE_VERSION "version-unused"
| #define PACKAGE_STRING "package-unused version-unused"
| #define PACKAGE_BUGREPORT ""
| #define PACKAGE_URL ""
| /* end confdefs.h.  */
| #include <ac_nonexistent.h>
configure:3536: checking for grep that handles long lines and -e
configure:3594: result: /bin/grep
configure:3599: checking for egrep
configure:3661: result: /bin/grep -E
configure:3666: checking for ANSI C header files
configure:3686: mips-openwrt-linux-gcc -c -Wall -g -fPIC -mips32r2 -msoft-float -mabi=32 -fno-stack-protector  conftest.c >&5
mips-openwrt-linux-gcc: warning: environment variable 'STAGING_DIR' not defined
configure:3686: $? = 0
mips-openwrt-linux-gcc: warning: environment variable 'STAGING_DIR' not defined
mips-openwrt-linux-gcc: warning: environment variable 'STAGING_DIR' not defined
configure:3770: result: yes
configure:3783: checking for sys/types.h
configure:3783: mips-openwrt-linux-gcc -c -Wall -g -fPIC -mips32r2 -msoft-float -mabi=32 -fno-stack-protector  conftest.c >&5
mips-openwrt-linux-gcc: warning: environment variable 'STAGING_DIR' not defined
configure:3783: $? = 0
configure:3783: result: yes
configure:3783: checking for sys/stat.h
configure:3783: mips-openwrt-linux-gcc -c -Wall -g -fPIC -mips32r2 -msoft-float -mabi=32 -fno-stack-protector  conftest.c >&5
mips-openwrt-linux-gcc: warning: environment variable 'STAGING_DIR' not defined
configure:3783: $? = 0
configure:3783: result: yes
configure:3783: checking for stdlib.h
configure:3783: mips-openwrt-linux-gcc -c -Wall -g -fPIC -mips32r2 -msoft-float -mabi=32 -fno-stack-protector  conftest.c >&5
mips-openwrt-linux-gcc: warning: environment variable 'STAGING_DIR' not defined
configure:3783: $? = 0
configure:3783: result: yes
configure:3783: checking for string.h
configure:3783: mips-openwrt-linux-gcc -c -Wall -g -fPIC -mips32r2 -msoft-float -mabi=32 -fno-stack-protector  conftest.c >&5
mips-openwrt-linux-gcc: warning: environment variable 'STAGING_DIR' not defined
configure:3783: $? = 0
configure:3783: result: yes
configure:3783: checking for memory.h
configure:3783: mips-openwrt-linux-gcc -c -Wall -g -fPIC -mips32r2 -msoft-float -mabi=32 -fno-stack-protector  conftest.c >&5
mips-openwrt-linux-gcc: warning: environment variable 'STAGING_DIR' not defined
configure:3783: $? = 0
configure:3783: result: yes
configure:3783: checking for strings.h
configure:3783: mips-openwrt-linux-gcc -c -Wall -g -fPIC -mips32r2 -msoft-float -mabi=32 -fno-stack-protector  conftest.c >&5
mips-openwrt-linux-gcc: warning: environment variable 'STAGING_DIR' not defined
configure:3783: $? = 0
configure:3783: result: yes
configure:3783: checking for inttypes.h
configure:3783: mips-openwrt-linux-gcc -c -Wall -g -fPIC -mips32r2 -msoft-float -mabi=32 -fno-stack-protector  conftest.c >&5
mips-openwrt-linux-gcc: warning: environment variable 'STAGING_DIR' not defined
configure:3783: $? = 0
configure:3783: result: yes
configure:3783: checking for stdint.h
configure:3783: mips-openwrt-linux-gcc -c -Wall -g -fPIC -mips32r2 -msoft-float -mabi=32 -fno-stack-protector  conftest.c >&5
mips-openwrt-linux-gcc: warning: environment variable 'STAGING_DIR' not defined
configure:3783: $? = 0
configure:3783: result: yes
configure:3783: checking for unistd.h
configure:3783: mips-openwrt-linux-gcc -c -Wall -g -fPIC -mips32r2 -msoft-float -mabi=32 -fno-stack-protector  conftest.c >&5
mips-openwrt-linux-gcc: warning: environment variable 'STAGING_DIR' not defined
configure:3783: $? = 0
configure:3783: result: yes
configure:3797: checking minix/config.h usability
configure:3797: mips-openwrt-linux-gcc -c -Wall -g -fPIC -mips32r2 -msoft-float -mabi=32 -fno-stack-protector  conftest.c >&5
mips-openwrt-linux-gcc: warning: environment variable 'STAGING_DIR' not defined
conftest.c:52:26: fatal error: minix/config.h: No such file or directory
 #include <minix/config.h>
                          ^
compilation terminated.
configure:3797: $? = 1
configure: failed program was:
| /* confdefs.h */
| #define PACKAGE_NAME "package-unused"
| #define PACKAGE_TARNAME "libbacktrace"
| #define PACKAGE_VERSION "version-unused"
| #define PACKAGE_STRING "package-unused version-unused"
| #define PACKAGE_BUGREPORT ""
| #define PACKAGE_URL ""
| #define STDC_HEADERS 1
| #define HAVE_SYS_TYPES_H 1
| #define HAVE_SYS_STAT_H 1
| #define HAVE_STDLIB_H 1
| #define HAVE_STRING_H 1
| #define HAVE_MEMORY_H 1
| #define HAVE_STRINGS_H 1
| #define HAVE_INTTYPES_H 1
| #define HAVE_STDINT_H 1
| #define HAVE_UNISTD_H 1
| /* end confdefs.h.  */
| #include <stdio.h>
| #ifdef HAVE_SYS_TYPES_H
| # include <sys/types.h>
| #endif
| #ifdef HAVE_SYS_STAT_H
| # include <sys/stat.h>
| #endif
| #ifdef STDC_HEADERS
| # include <stdlib.h>
| # include <stddef.h>
| #else
| # ifdef HAVE_STDLIB_H
| #  include <stdlib.h>
| # endif
| #endif
| #ifdef HAVE_STRING_H
| # if !defined STDC_HEADERS && defined HAVE_MEMORY_H
| #  include <memory.h>
| # endif
| # include <string.h>
| #endif
| #ifdef HAVE_STRINGS_H
| # include <strings.h>
| #endif
| #ifdef HAVE_INTTYPES_H
| # include <inttypes.h>
| #endif
| #ifdef HAVE_STDINT_H
| # include <stdint.h>
| #endif
| #ifdef HAVE_UNISTD_H
| # include <unistd.h>
| #endif
| #include <minix/config.h>
configure:3797: result: no
configure:3797: checking minix/config.h presence
configure:3797: mips-openwrt-linux-gcc -E  conftest.c
mips-openwrt-linux-gcc: warning: environment variable 'STAGING_DIR' not defined
conftest.c:19:26: fatal error: minix/config.h: No such file or directory
 #include <minix/config.h>
                          ^
compilation terminated.
configure:3797: $? = 1
configure: failed program was:
| /* confdefs.h */
| #define PACKAGE_NAME "package-unused"
| #define PACKAGE_TARNAME "libbacktrace"
| #define PACKAGE_VERSION "version-unused"
| #define PACKAGE_STRING "package-unused version-unused"
| #define PACKAGE_BUGREPORT ""
| #define PACKAGE_URL ""
| #define STDC_HEADERS 1
| #define HAVE_SYS_TYPES_H 1
| #define HAVE_SYS_STAT_H 1
| #define HAVE_STDLIB_H 1
| #define HAVE_STRING_H 1
| #define HAVE_MEMORY_H 1
| #define HAVE_STRINGS_H 1
| #define HAVE_INTTYPES_H 1
| #define HAVE_STDINT_H 1
| #define HAVE_UNISTD_H 1
| /* end confdefs.h.  */
| #include <minix/config.h>
configure:3797: result: no
configure:3797: checking for minix/config.h
configure:3797: result: no
configure:3818: checking whether it is safe to define __EXTENSIONS__
configure:3836: mips-openwrt-linux-gcc -c -Wall -g -fPIC -mips32r2 -msoft-float -mabi=32 -fno-stack-protector  conftest.c >&5
mips-openwrt-linux-gcc: warning: environment variable 'STAGING_DIR' not defined
configure:3836: $? = 0
configure:3843: result: yes
configure:3886: checking for a BSD-compatible install
configure:3954: result: /usr/bin/install -c
configure:3965: checking whether build environment is sane
configure:4015: result: yes
configure:4043: WARNING: `missing' script is too old or missing
configure:4064: checking for x86_64-unknown-linux-gnu-strip
configure:4094: result: no
configure:4104: checking for strip
configure:4120: found /usr/bin/strip
configure:4131: result: strip
configure:4143: WARNING: using cross tools not prefixed with host triplet
configure:4156: checking for a thread-safe mkdir -p
configure:4195: result: /bin/mkdir -p
configure:4208: checking for gawk
configure:4224: found /usr/bin/gawk
configure:4235: result: gawk
configure:4246: checking whether make sets $(MAKE)
configure:4268: result: yes
configure:4341: checking whether to enable maintainer-specific portions of Makefiles
configure:4350: result: no
configure:4384: checking for x86_64-unknown-linux-gnu-gcc
configure:4411: result: mips-openwrt-linux-gcc
configure:4680: checking for C compiler version
configure:4689: mips-openwrt-linux-gcc --version >&5
mips-openwrt-linux-gcc (OpenWrt/Linaro GCC 4.8-2014.04 r46062) 4.8.3
Copyright (C) 2013 Free Software Foundation, Inc.
This is free software; see the source for copying conditions.  There is NO
warranty; not even for MERCHANTABILITY or FITNESS FOR A PARTICULAR PURPOSE.

configure:4700: $? = 0
configure:4689: mips-openwrt-linux-gcc -v >&5
Reading specs from /home/ravitejareddy/Desktop/HomeNextGen/openwrt/staging_dir/toolchain-mips_34kc_gcc-4.8-linaro_uClibc-0.9.33.2/lib/gcc/mips-openwrt-linux-uclibc/4.8.3/specs
COLLECT_GCC=mips-openwrt-linux-gcc
COLLECT_LTO_WRAPPER=/home/ravitejareddy/Desktop/HomeNextGen/openwrt/staging_dir/toolchain-mips_34kc_gcc-4.8-linaro_uClibc-0.9.33.2/libexec/gcc/mips-openwrt-linux-uclibc/4.8.3/lto-wrapper
Target: mips-openwrt-linux-uclibc
Configured with: /home/ravitejareddy/Desktop/HomeNextGen/openwrt/build_dir/toolchain-mips_34kc_gcc-4.8-linaro_uClibc-0.9.33.2/gcc-linaro-4.8-2014.04/configure --with-bugurl=https://dev.openwrt.org/ --with-pkgversion='OpenWrt/Linaro GCC 4.8-2014.04 r46062' --prefix=/home/ravitejareddy/Desktop/HomeNextGen/openwrt/staging_dir/toolchain-mips_34kc_gcc-4.8-linaro_uClibc-0.9.33.2 --build=x86_64-linux-gnu --host=x86_64-linux-gnu --target=mips-openwrt-linux-uclibc --with-gnu-ld --enable-target-optspace --disable-libgomp --disable-libmudflap --disable-multilib --disable-nls --with-host-libstdcxx=-lstdc++ --with-float=soft --with-gmp=/home/ravitejareddy/Desktop/HomeNextGen/openwrt/staging_dir/host --with-mpfr=/home/ravitejareddy/Desktop/HomeNextGen/openwrt/staging_dir/host --with-mpc=/home/ravitejareddy/Desktop/HomeNextGen/openwrt/staging_dir/host --disable-decimal-float --with-mips-plt --disable-libssp --disable-__cxa_atexit --with-headers=/home/ravitejareddy/Desktop/HomeNextGen/openwrt/staging_dir/toolchain-mips_34kc_gcc-4.8-linaro_uClibc-0.9.33.2/include --disable-libsanitizer --enable-languages=c,c++ --enable-shared --enable-threads --with-slibdir=/home/ravitejareddy/Desktop/HomeNextGen/openwrt/staging_dir/toolchain-mips_34kc_gcc-4.8-linaro_uClibc-0.9.33.2/lib
Thread model: posix
gcc version 4.8.3 (OpenWrt/Linaro GCC 4.8-2014.04 r46062) 
configure:4700: $? = 0
configure:4689: mips-openwrt-linux-gcc -V >&5
mips-openwrt-linux-gcc: error: unrecognized command line option '-V'
mips-openwrt-linux-gcc: fatal error: no input files
compilation terminated.
configure:4700: $? = 1
configure:4689: mips-openwrt-linux-gcc -qversion >&5
mips-openwrt-linux-gcc: error: unrecognized command line option '-qversion'
mips-openwrt-linux-gcc: fatal error: no input files
compilation terminated.
configure:4700: $? = 1
configure:4704: checking whether we are using the GNU C compiler
configure:4732: result: yes
configure:4741: checking whether mips-openwrt-linux-gcc accepts -g
configure:4802: result: yes
configure:4819: checking for mips-openwrt-linux-gcc option to accept ISO C89
configure:4896: result: none needed
configure:4923: checking for x86_64-unknown-linux-gnu-ranlib
configure:4950: result: mips-openwrt-linux-ar s
configure:5017: checking for gawk
configure:5044: result: gawk
configure:5105: checking how to print strings
configure:5132: result: printf
configure:5153: checking for a sed that does not truncate output
configure:5217: result: /bin/sed
configure:5235: checking for fgrep
configure:5297: result: /bin/grep -F
configure:5332: checking for ld used by mips-openwrt-linux-gcc
configure:5399: result: /home/ravitejareddy/Desktop/HomeNextGen/openwrt/staging_dir/toolchain-mips_34kc_gcc-4.8-linaro_uClibc-0.9.33.2/mips-openwrt-linux-uclibc/bin/ld
configure:5406: checking if the linker (/home/ravitejareddy/Desktop/HomeNextGen/openwrt/staging_dir/toolchain-mips_34kc_gcc-4.8-linaro_uClibc-0.9.33.2/mips-openwrt-linux-uclibc/bin/ld) is GNU ld
configure:5421: result: yes
configure:5433: checking for BSD- or MS-compatible name lister (nm)
configure:5482: result: no
configure:5496: checking for x86_64-unknown-linux-gnu-dumpbin
configure:5526: result: no
configure:5496: checking for x86_64-unknown-linux-gnu-link
configure:5526: result: no
configure:5540: checking for dumpbin
configure:5570: result: no
configure:5540: checking for link
configure:5556: found /usr/bin/link
configure:5567: result: link -dump
configure:5612: checking the name lister (nm) interface
configure:5619: mips-openwrt-linux-gcc -c -Wall -g -fPIC -mips32r2 -msoft-float -mabi=32 -fno-stack-protector  conftest.c >&5
mips-openwrt-linux-gcc: warning: environment variable 'STAGING_DIR' not defined
configure:5622: nm "conftest.o"
configure:5625: output
00000000 B some_variable
configure:5632: result: BSD nm
configure:5635: checking whether ln -s works
configure:5639: result: yes
configure:5647: checking the maximum length of command line arguments
configure:5772: result: 1572864
configure:5789: checking whether the shell understands some XSI constructs
configure:5799: result: yes
configure:5803: checking whether the shell understands "+="
configure:5809: result: yes
configure:5844: checking for /home/ravitejareddy/Desktop/HomeNextGen/openwrt/staging_dir/toolchain-mips_34kc_gcc-4.8-linaro_uClibc-0.9.33.2/mips-openwrt-linux-uclibc/bin/ld option to reload object files
configure:5851: result: -r
configure:5880: checking for x86_64-unknown-linux-gnu-objdump
configure:5910: result: no
configure:5920: checking for objdump
configure:5936: found /usr/bin/objdump
configure:5947: result: objdump
configure:5979: checking how to recognize dependent libraries
configure:6180: result: pass_all
configure:6200: checking for x86_64-unknown-linux-gnu-ar
configure:6227: result: mips-openwrt-linux-ar
configure:6305: checking for x86_64-unknown-linux-gnu-strip
configure:6332: result: strip
configure:6404: checking for x86_64-unknown-linux-gnu-ranlib
configure:6431: result: mips-openwrt-linux-ar s
configure:6573: checking command to parse nm output from mips-openwrt-linux-gcc object
configure:6691: mips-openwrt-linux-gcc -c -Wall -g -fPIC -mips32r2 -msoft-float -mabi=32 -fno-stack-protector  conftest.c >&5
mips-openwrt-linux-gcc: warning: environment variable 'STAGING_DIR' not defined
configure:6694: $? = 0
configure:6698: nm conftest.o \| sed -n -e 's/^.*[ ]\([ABCDGIRSTW][ABCDGIRSTW]*\)[ ][ ]*\([_A-Za-z][_A-Za-z0-9]*\)$/\1 \2 \2/p' \> conftest.nm
configure:6701: $? = 0
configure:6755: mips-openwrt-linux-gcc -o conftest -Wall -g -fPIC -mips32r2 -msoft-float -mabi=32 -fno-stack-protector   conftest.c conftstm.o >&5
mips-openwrt-linux-gcc: warning: environment variable 'STAGING_DIR' not defined
mips-openwrt-linux-gcc: warning: environment variable 'STAGING_DIR' not defined
mips-openwrt-linux-gcc: warning: environment variable 'STAGING_DIR' not defined
configure:6758: $? = 0
configure:6796: result: ok
configure:6891: mips-openwrt-linux-gcc -c -Wall -g -fPIC -mips32r2 -msoft-float -mabi=32 -fno-stack-protector  conftest.c >&5
mips-openwrt-linux-gcc: warning: environment variable 'STAGING_DIR' not defined
configure:6894: $? = 0
configure:7644: checking for dlfcn.h
configure:7644: mips-openwrt-linux-gcc -c -Wall -g -fPIC -mips32r2 -msoft-float -mabi=32 -fno-stack-protector  conftest.c >&5
mips-openwrt-linux-gcc: warning: environment variable 'STAGING_DIR' not defined
configure:7644: $? = 0
configure:7644: result: yes
configure:7830: checking for objdir
configure:7845: result: .libs
configure:8116: checking if mips-openwrt-linux-gcc supports -fno-rtti -fno-exceptions
configure:8134: mips-openwrt-linux-gcc -c -Wall -g -fPIC -mips32r2 -msoft-float -mabi=32 -fno-stack-protector  -fno-rtti -fno-exceptions conftest.c >&5
mips-openwrt-linux-gcc: warning: environment variable 'STAGING_DIR' not defined
cc1: warning: command line option '-fno-rtti' is valid for C++/ObjC++ but not for C [enabled by default]
configure:8138: $? = 0
configure:8151: result: no
configure:8171: checking for mips-openwrt-linux-gcc option to produce PIC
configure:8457: result: -fPIC -DPIC
configure:8469: checking if mips-openwrt-linux-gcc PIC flag -fPIC -DPIC works
configure:8487: mips-openwrt-linux-gcc -c -Wall -g -fPIC -mips32r2 -msoft-float -mabi=32 -fno-stack-protector  -fPIC -DPIC -DPIC conftest.c >&5
mips-openwrt-linux-gcc: warning: environment variable 'STAGING_DIR' not defined
configure:8491: $? = 0
configure:8504: result: yes
configure:8528: checking if mips-openwrt-linux-gcc static flag -static works
mips-openwrt-linux-gcc: warning: environment variable 'STAGING_DIR' not defined
mips-openwrt-linux-gcc: warning: environment variable 'STAGING_DIR' not defined
mips-openwrt-linux-gcc: warning: environment variable 'STAGING_DIR' not defined
configure:8556: result: yes
configure:8571: checking if mips-openwrt-linux-gcc supports -c -o file.o
configure:8592: mips-openwrt-linux-gcc -c -Wall -g -fPIC -mips32r2 -msoft-float -mabi=32 -fno-stack-protector  -o out/conftest2.o conftest.c >&5
mips-openwrt-linux-gcc: warning: environment variable 'STAGING_DIR' not defined
configure:8596: $? = 0
configure:8618: result: yes
configure:8626: checking if mips-openwrt-linux-gcc supports -c -o file.o
configure:8673: result: yes
configure:8706: checking whether the mips-openwrt-linux-gcc linker (/home/ravitejareddy/Desktop/HomeNextGen/openwrt/staging_dir/toolchain-mips_34kc_gcc-4.8-linaro_uClibc-0.9.33.2/mips-openwrt-linux-uclibc/bin/ld -m elf_i386) supports shared libraries
configure:9777: result: no
configure:10022: checking dynamic linker characteristics
configure:10473: mips-openwrt-linux-gcc -o conftest -Wall -g -fPIC -mips32r2 -msoft-float -mabi=32 -fno-stack-protector    conftest.c  >&5
mips-openwrt-linux-gcc: warning: environment variable 'STAGING_DIR' not defined
mips-openwrt-linux-gcc: warning: environment variable 'STAGING_DIR' not defined
mips-openwrt-linux-gcc: warning: environment variable 'STAGING_DIR' not defined
configure:10473: $? = 0
configure:10695: result: GNU/Linux ld.so
configure:10802: checking how to hardcode library paths into programs
configure:10827: result: unsupported
configure:11367: checking whether stripping libraries is possible
configure:11372: result: yes
configure:11407: checking if libtool supports shared libraries
configure:11409: result: no
configure:11412: checking whether to build shared libraries
configure:11433: result: no
configure:11436: checking whether to build static libraries
configure:11440: result: yes
configure:11484: checking unwind.h usability
configure:11484: mips-openwrt-linux-gcc -c -Wall -g -fPIC -mips32r2 -msoft-float -mabi=32 -fno-stack-protector  conftest.c >&5
mips-openwrt-linux-gcc: warning: environment variable 'STAGING_DIR' not defined
configure:11484: $? = 0
configure:11484: result: yes
configure:11484: checking unwind.h presence
configure:11484: mips-openwrt-linux-gcc -E  conftest.c
mips-openwrt-linux-gcc: warning: environment variable 'STAGING_DIR' not defined
configure:11484: $? = 0
configure:11484: result: yes
configure:11484: checking for unwind.h
configure:11484: result: yes
configure:11486: checking for _Unwind_Backtrace
configure:11486: mips-openwrt-linux-gcc -o conftest -Wall -g -fPIC -mips32r2 -msoft-float -mabi=32 -fno-stack-protector   conftest.c  >&5
mips-openwrt-linux-gcc: warning: environment variable 'STAGING_DIR' not defined
mips-openwrt-linux-gcc: warning: environment variable 'STAGING_DIR' not defined
mips-openwrt-linux-gcc: warning: environment variable 'STAGING_DIR' not defined
configure:11486: $? = 0
configure:11486: result: yes
configure:11507: checking for -funwind-tables option
configure:11525: mips-openwrt-linux-gcc -c -Wall -g -fPIC -mips32r2 -msoft-float -mabi=32 -fno-stack-protector -funwind-tables  conftest.c >&5
mips-openwrt-linux-gcc: warning: environment variable 'STAGING_DIR' not defined
configure:11525: $? = 0
configure:11533: result: yes
configure:11538: checking for -frandom-seed=string option
configure:11556: mips-openwrt-linux-gcc -c -Wall -g -fPIC -mips32r2 -msoft-float -mabi=32 -fno-stack-protector -frandom-seed=conftest.lo  conftest.c >&5
mips-openwrt-linux-gcc: warning: environment variable 'STAGING_DIR' not defined
configure:11556: $? = 0
configure:11564: result: yes
configure:11585: checking whether mips-openwrt-linux-gcc supports -W
configure:11602: mips-openwrt-linux-gcc -c -W  conftest.c >&5
mips-openwrt-linux-gcc: warning: environment variable 'STAGING_DIR' not defined
configure:11602: $? = 0
configure:11611: result: yes
configure:11585: checking whether mips-openwrt-linux-gcc supports -Wall
configure:11602: mips-openwrt-linux-gcc -c -Wall  conftest.c >&5
mips-openwrt-linux-gcc: warning: environment variable 'STAGING_DIR' not defined
configure:11602: $? = 0
configure:11611: result: yes
configure:11585: checking whether mips-openwrt-linux-gcc supports -Wwrite-strings
configure:11602: mips-openwrt-linux-gcc -c -Wwrite-strings  conftest.c >&5
mips-openwrt-linux-gcc: warning: environment variable 'STAGING_DIR' not defined
configure:11602: $? = 0
configure:11611: result: yes
configure:11585: checking whether mips-openwrt-linux-gcc supports -Wstrict-prototypes
configure:11602: mips-openwrt-linux-gcc -c -Wstrict-prototypes  conftest.c >&5
mips-openwrt-linux-gcc: warning: environment variable 'STAGING_DIR' not defined
conftest.c:28:1: warning: function declaration isn't a prototype [-Wstrict-prototypes]
 main ()
 ^
configure:11602: $? = 0
configure:11611: result: yes
configure:11585: checking whether mips-openwrt-linux-gcc supports -Wmissing-prototypes
configure:11602: mips-openwrt-linux-gcc -c -Wmissing-prototypes  conftest.c >&5
mips-openwrt-linux-gcc: warning: environment variable 'STAGING_DIR' not defined
configure:11602: $? = 0
configure:11611: result: yes
configure:11585: checking whether mips-openwrt-linux-gcc supports -Wold-style-definition
configure:11602: mips-openwrt-linux-gcc -c -Wold-style-definition  conftest.c >&5
mips-openwrt-linux-gcc: warning: environment variable 'STAGING_DIR' not defined
conftest.c: In function 'main':
conftest.c:28:1: warning: old-style function definition [-Wold-style-definition]
 main ()
 ^
configure:11602: $? = 0
configure:11611: result: yes
configure:11585: checking whether mips-openwrt-linux-gcc supports -Wmissing-format-attribute
configure:11602: mips-openwrt-linux-gcc -c -Wmissing-format-attribute  conftest.c >&5
mips-openwrt-linux-gcc: warning: environment variable 'STAGING_DIR' not defined
configure:11602: $? = 0
configure:11611: result: yes
configure:11585: checking whether mips-openwrt-linux-gcc supports -Wcast-qual
configure:11602: mips-openwrt-linux-gcc -c -Wcast-qual  conftest.c >&5
mips-openwrt-linux-gcc: warning: environment variable 'STAGING_DIR' not defined
configure:11602: $? = 0
configure:11611: result: yes
configure:11666: checking for _Unwind_GetIPInfo
configure:11681: mips-openwrt-linux-gcc -o conftest -Wall -g -fPIC -mips32r2 -msoft-float -mabi=32 -fno-stack-protector -Werror-implicit-function-declaration   conftest.c  >&5
mips-openwrt-linux-gcc: warning: environment variable 'STAGING_DIR' not defined
mips-openwrt-linux-gcc: warning: environment variable 'STAGING_DIR' not defined
mips-openwrt-linux-gcc: warning: environment variable 'STAGING_DIR' not defined
configure:11681: $? = 0
configure:11689: result: yes
configure:11714: checking __sync extensions
configure:11735: mips-openwrt-linux-gcc -o conftest -Wall -g -fPIC -mips32r2 -msoft-float -mabi=32 -fno-stack-protector   conftest.c  >&5
mips-openwrt-linux-gcc: warning: environment variable 'STAGING_DIR' not defined
mips-openwrt-linux-gcc: warning: environment variable 'STAGING_DIR' not defined
mips-openwrt-linux-gcc: warning: environment variable 'STAGING_DIR' not defined
configure:11735: $? = 0
configure:11744: result: yes
configure:11756: checking __atomic extensions
configure:11776: mips-openwrt-linux-gcc -o conftest -Wall -g -fPIC -mips32r2 -msoft-float -mabi=32 -fno-stack-protector   conftest.c  >&5
mips-openwrt-linux-gcc: warning: environment variable 'STAGING_DIR' not defined
mips-openwrt-linux-gcc: warning: environment variable 'STAGING_DIR' not defined
mips-openwrt-linux-gcc: warning: environment variable 'STAGING_DIR' not defined
configure:11776: $? = 0
configure:11785: result: yes
configure:11796: checking output filetype
configure:11813: mips-openwrt-linux-gcc -c -Wall -g -fPIC -mips32r2 -msoft-float -mabi=32 -fno-stack-protector  conftest.c >&5
mips-openwrt-linux-gcc: warning: environment variable 'STAGING_DIR' not defined
conftest.c: In function 'main':
conftest.c:33:5: warning: unused variable 'j' [-Wunused-variable]
 int j;
     ^
configure:11813: $? = 0
configure:11824: result: elf32
configure:11870: checking for uintmax_t
configure:11870: mips-openwrt-linux-gcc -c -Wall -g -fPIC -mips32r2 -msoft-float -mabi=32 -fno-stack-protector  conftest.c >&5
mips-openwrt-linux-gcc: warning: environment variable 'STAGING_DIR' not defined
configure:11870: $? = 0
configure:11870: mips-openwrt-linux-gcc -c -Wall -g -fPIC -mips32r2 -msoft-float -mabi=32 -fno-stack-protector  conftest.c >&5
mips-openwrt-linux-gcc: warning: environment variable 'STAGING_DIR' not defined
conftest.c: In function 'main':
conftest.c:36:24: error: expected expression before ')' token
 if (sizeof ((uintmax_t)))
                        ^
configure:11870: $? = 1
configure: failed program was:
| /* confdefs.h */
| #define PACKAGE_NAME "package-unused"
| #define PACKAGE_TARNAME "libbacktrace"
| #define PACKAGE_VERSION "version-unused"
| #define PACKAGE_STRING "package-unused version-unused"
| #define PACKAGE_BUGREPORT ""
| #define PACKAGE_URL ""
| #define STDC_HEADERS 1
| #define HAVE_SYS_TYPES_H 1
| #define HAVE_SYS_STAT_H 1
| #define HAVE_STDLIB_H 1
| #define HAVE_STRING_H 1
| #define HAVE_MEMORY_H 1
| #define HAVE_STRINGS_H 1
| #define HAVE_INTTYPES_H 1
| #define HAVE_STDINT_H 1
| #define HAVE_UNISTD_H 1
| #define __EXTENSIONS__ 1
| #define _ALL_SOURCE 1
| #define _GNU_SOURCE 1
| #define _POSIX_PTHREAD_SEMANTICS 1
| #define _TANDEM_SOURCE 1
| #define HAVE_DLFCN_H 1
| #define LT_OBJDIR ".libs/"
| #define HAVE_GETIPINFO 1
| #define HAVE_SYNC_FUNCTIONS 1
| #define HAVE_ATOMIC_FUNCTIONS 1
| #define BACKTRACE_ELF_SIZE 32
| /* end confdefs.h.  */
| #include <sys/types.h>
| #include <stdint.h>
| 
| int
| main ()
| {
| if (sizeof ((uintmax_t)))
| 	    return 0;
|   ;
|   return 0;
| }
configure:11870: result: yes
configure:11879: checking for uintptr_t
configure:11879: mips-openwrt-linux-gcc -c -Wall -g -fPIC -mips32r2 -msoft-float -mabi=32 -fno-stack-protector  conftest.c >&5
mips-openwrt-linux-gcc: warning: environment variable 'STAGING_DIR' not defined
configure:11879: $? = 0
configure:11879: mips-openwrt-linux-gcc -c -Wall -g -fPIC -mips32r2 -msoft-float -mabi=32 -fno-stack-protector  conftest.c >&5
mips-openwrt-linux-gcc: warning: environment variable 'STAGING_DIR' not defined
conftest.c: In function 'main':
conftest.c:36:24: error: expected expression before ')' token
 if (sizeof ((uintptr_t)))
                        ^
configure:11879: $? = 1
configure: failed program was:
| /* confdefs.h */
| #define PACKAGE_NAME "package-unused"
| #define PACKAGE_TARNAME "libbacktrace"
| #define PACKAGE_VERSION "version-unused"
| #define PACKAGE_STRING "package-unused version-unused"
| #define PACKAGE_BUGREPORT ""
| #define PACKAGE_URL ""
| #define STDC_HEADERS 1
| #define HAVE_SYS_TYPES_H 1
| #define HAVE_SYS_STAT_H 1
| #define HAVE_STDLIB_H 1
| #define HAVE_STRING_H 1
| #define HAVE_MEMORY_H 1
| #define HAVE_STRINGS_H 1
| #define HAVE_INTTYPES_H 1
| #define HAVE_STDINT_H 1
| #define HAVE_UNISTD_H 1
| #define __EXTENSIONS__ 1
| #define _ALL_SOURCE 1
| #define _GNU_SOURCE 1
| #define _POSIX_PTHREAD_SEMANTICS 1
| #define _TANDEM_SOURCE 1
| #define HAVE_DLFCN_H 1
| #define LT_OBJDIR ".libs/"
| #define HAVE_GETIPINFO 1
| #define HAVE_SYNC_FUNCTIONS 1
| #define HAVE_ATOMIC_FUNCTIONS 1
| #define BACKTRACE_ELF_SIZE 32
| /* end confdefs.h.  */
| #include <sys/types.h>
| #include <stdint.h>
| 
| int
| main ()
| {
| if (sizeof ((uintptr_t)))
| 	    return 0;
|   ;
|   return 0;
| }
configure:11879: result: yes
configure:11888: checking for int_least32_t
configure:11888: mips-openwrt-linux-gcc -c -Wall -g -fPIC -mips32r2 -msoft-float -mabi=32 -fno-stack-protector  conftest.c >&5
mips-openwrt-linux-gcc: warning: environment variable 'STAGING_DIR' not defined
configure:11888: $? = 0
configure:11888: mips-openwrt-linux-gcc -c -Wall -g -fPIC -mips32r2 -msoft-float -mabi=32 -fno-stack-protector  conftest.c >&5
mips-openwrt-linux-gcc: warning: environment variable 'STAGING_DIR' not defined
conftest.c: In function 'main':
conftest.c:36:28: error: expected expression before ')' token
 if (sizeof ((int_least32_t)))
                            ^
configure:11888: $? = 1
configure: failed program was:
| /* confdefs.h */
| #define PACKAGE_NAME "package-unused"
| #define PACKAGE_TARNAME "libbacktrace"
| #define PACKAGE_VERSION "version-unused"
| #define PACKAGE_STRING "package-unused version-unused"
| #define PACKAGE_BUGREPORT ""
| #define PACKAGE_URL ""
| #define STDC_HEADERS 1
| #define HAVE_SYS_TYPES_H 1
| #define HAVE_SYS_STAT_H 1
| #define HAVE_STDLIB_H 1
| #define HAVE_STRING_H 1
| #define HAVE_MEMORY_H 1
| #define HAVE_STRINGS_H 1
| #define HAVE_INTTYPES_H 1
| #define HAVE_STDINT_H 1
| #define HAVE_UNISTD_H 1
| #define __EXTENSIONS__ 1
| #define _ALL_SOURCE 1
| #define _GNU_SOURCE 1
| #define _POSIX_PTHREAD_SEMANTICS 1
| #define _TANDEM_SOURCE 1
| #define HAVE_DLFCN_H 1
| #define LT_OBJDIR ".libs/"
| #define HAVE_GETIPINFO 1
| #define HAVE_SYNC_FUNCTIONS 1
| #define HAVE_ATOMIC_FUNCTIONS 1
| #define BACKTRACE_ELF_SIZE 32
| /* end confdefs.h.  */
| #include <sys/types.h>
| #include <stdint.h>
| 
| int
| main ()
| {
| if (sizeof ((int_least32_t)))
| 	    return 0;
|   ;
|   return 0;
| }
configure:11888: result: yes
configure:11897: checking for int_fast32_t
configure:11897: mips-openwrt-linux-gcc -c -Wall -g -fPIC -mips32r2 -msoft-float -mabi=32 -fno-stack-protector  conftest.c >&5
mips-openwrt-linux-gcc: warning: environment variable 'STAGING_DIR' not defined
configure:11897: $? = 0
configure:11897: mips-openwrt-linux-gcc -c -Wall -g -fPIC -mips32r2 -msoft-float -mabi=32 -fno-stack-protector  conftest.c >&5
mips-openwrt-linux-gcc: warning: environment variable 'STAGING_DIR' not defined
conftest.c: In function 'main':
conftest.c:36:27: error: expected expression before ')' token
 if (sizeof ((int_fast32_t)))
                           ^
configure:11897: $? = 1
configure: failed program was:
| /* confdefs.h */
| #define PACKAGE_NAME "package-unused"
| #define PACKAGE_TARNAME "libbacktrace"
| #define PACKAGE_VERSION "version-unused"
| #define PACKAGE_STRING "package-unused version-unused"
| #define PACKAGE_BUGREPORT ""
| #define PACKAGE_URL ""
| #define STDC_HEADERS 1
| #define HAVE_SYS_TYPES_H 1
| #define HAVE_SYS_STAT_H 1
| #define HAVE_STDLIB_H 1
| #define HAVE_STRING_H 1
| #define HAVE_MEMORY_H 1
| #define HAVE_STRINGS_H 1
| #define HAVE_INTTYPES_H 1
| #define HAVE_STDINT_H 1
| #define HAVE_UNISTD_H 1
| #define __EXTENSIONS__ 1
| #define _ALL_SOURCE 1
| #define _GNU_SOURCE 1
| #define _POSIX_PTHREAD_SEMANTICS 1
| #define _TANDEM_SOURCE 1
| #define HAVE_DLFCN_H 1
| #define LT_OBJDIR ".libs/"
| #define HAVE_GETIPINFO 1
| #define HAVE_SYNC_FUNCTIONS 1
| #define HAVE_ATOMIC_FUNCTIONS 1
| #define BACKTRACE_ELF_SIZE 32
| /* end confdefs.h.  */
| #include <sys/types.h>
| #include <stdint.h>
| 
| int
| main ()
| {
| if (sizeof ((int_fast32_t)))
| 	    return 0;
|   ;
|   return 0;
| }
configure:11897: result: yes
configure:11906: checking for uint64_t
configure:11906: mips-openwrt-linux-gcc -c -Wall -g -fPIC -mips32r2 -msoft-float -mabi=32 -fno-stack-protector  conftest.c >&5
mips-openwrt-linux-gcc: warning: environment variable 'STAGING_DIR' not defined
configure:11906: $? = 0
configure:11906: mips-openwrt-linux-gcc -c -Wall -g -fPIC -mips32r2 -msoft-float -mabi=32 -fno-stack-protector  conftest.c >&5
mips-openwrt-linux-gcc: warning: environment variable 'STAGING_DIR' not defined
conftest.c: In function 'main':
conftest.c:36:23: error: expected expression before ')' token
 if (sizeof ((uint64_t)))
                       ^
configure:11906: $? = 1
configure: failed program was:
| /* confdefs.h */
| #define PACKAGE_NAME "package-unused"
| #define PACKAGE_TARNAME "libbacktrace"
| #define PACKAGE_VERSION "version-unused"
| #define PACKAGE_STRING "package-unused version-unused"
| #define PACKAGE_BUGREPORT ""
| #define PACKAGE_URL ""
| #define STDC_HEADERS 1
| #define HAVE_SYS_TYPES_H 1
| #define HAVE_SYS_STAT_H 1
| #define HAVE_STDLIB_H 1
| #define HAVE_STRING_H 1
| #define HAVE_MEMORY_H 1
| #define HAVE_STRINGS_H 1
| #define HAVE_INTTYPES_H 1
| #define HAVE_STDINT_H 1
| #define HAVE_UNISTD_H 1
| #define __EXTENSIONS__ 1
| #define _ALL_SOURCE 1
| #define _GNU_SOURCE 1
| #define _POSIX_PTHREAD_SEMANTICS 1
| #define _TANDEM_SOURCE 1
| #define HAVE_DLFCN_H 1
| #define LT_OBJDIR ".libs/"
| #define HAVE_GETIPINFO 1
| #define HAVE_SYNC_FUNCTIONS 1
| #define HAVE_ATOMIC_FUNCTIONS 1
| #define BACKTRACE_ELF_SIZE 32
| /* end confdefs.h.  */
| #include <sys/types.h>
| #include <stdint.h>
| 
| int
| main ()
| {
| if (sizeof ((uint64_t)))
| 	    return 0;
|   ;
|   return 0;
| }
configure:11906: result: yes
configure:11987: checking what to include in gstdint.h
configure:12015: result: stdint.h (already complete)
configure:12266: checking sys/mman.h usability
configure:12266: mips-openwrt-linux-gcc -c -Wall -g -fPIC -mips32r2 -msoft-float -mabi=32 -fno-stack-protector  conftest.c >&5
mips-openwrt-linux-gcc: warning: environment variable 'STAGING_DIR' not defined
configure:12266: $? = 0
configure:12266: result: yes
configure:12266: checking sys/mman.h presence
configure:12266: mips-openwrt-linux-gcc -E  conftest.c
mips-openwrt-linux-gcc: warning: environment variable 'STAGING_DIR' not defined
configure:12266: $? = 0
configure:12266: result: yes
configure:12266: checking for sys/mman.h
configure:12266: result: yes
configure:12284: checking for mmap
configure:12284: mips-openwrt-linux-gcc -o conftest -Wall -g -fPIC -mips32r2 -msoft-float -mabi=32 -fno-stack-protector   conftest.c  >&5
mips-openwrt-linux-gcc: warning: environment variable 'STAGING_DIR' not defined
mips-openwrt-linux-gcc: warning: environment variable 'STAGING_DIR' not defined
mips-openwrt-linux-gcc: warning: environment variable 'STAGING_DIR' not defined
configure:12284: $? = 0
configure:12284: result: yes
configure:12307: mips-openwrt-linux-gcc -E  conftest.c
mips-openwrt-linux-gcc: warning: environment variable 'STAGING_DIR' not defined
configure:12307: $? = 0
configure:12326: checking link.h usability
configure:12326: mips-openwrt-linux-gcc -c -Wall -g -fPIC -mips32r2 -msoft-float -mabi=32 -fno-stack-protector  conftest.c >&5
mips-openwrt-linux-gcc: warning: environment variable 'STAGING_DIR' not defined
configure:12326: $? = 0
configure:12326: result: yes
configure:12326: checking link.h presence
configure:12326: mips-openwrt-linux-gcc -E  conftest.c
mips-openwrt-linux-gcc: warning: environment variable 'STAGING_DIR' not defined
configure:12326: $? = 0
configure:12326: result: yes
configure:12326: checking for link.h
configure:12326: result: yes
configure:12361: checking for dl_iterate_phdr
configure:12361: mips-openwrt-linux-gcc -o conftest -Wall -g -fPIC -mips32r2 -msoft-float -mabi=32 -fno-stack-protector   conftest.c  >&5
mips-openwrt-linux-gcc: warning: environment variable 'STAGING_DIR' not defined
mips-openwrt-linux-gcc: warning: environment variable 'STAGING_DIR' not defined
mips-openwrt-linux-gcc: warning: environment variable 'STAGING_DIR' not defined
configure:12361: $? = 0
configure:12361: result: yes
configure:12383: checking for fcntl
configure:12383: mips-openwrt-linux-gcc -o conftest -Wall -g -fPIC -mips32r2 -msoft-float -mabi=32 -fno-stack-protector   conftest.c  >&5
mips-openwrt-linux-gcc: warning: environment variable 'STAGING_DIR' not defined
mips-openwrt-linux-gcc: warning: environment variable 'STAGING_DIR' not defined
mips-openwrt-linux-gcc: warning: environment variable 'STAGING_DIR' not defined
configure:12383: $? = 0
configure:12383: result: yes
configure:12397: checking whether strnlen is declared
configure:12397: mips-openwrt-linux-gcc -c -Wall -g -fPIC -mips32r2 -msoft-float -mabi=32 -fno-stack-protector  conftest.c >&5
mips-openwrt-linux-gcc: warning: environment variable 'STAGING_DIR' not defined
configure:12397: $? = 0
configure:12397: result: yes
configure:12416: checking for getexecname
configure:12416: mips-openwrt-linux-gcc -o conftest -Wall -g -fPIC -mips32r2 -msoft-float -mabi=32 -fno-stack-protector   conftest.c  >&5
mips-openwrt-linux-gcc: warning: environment variable 'STAGING_DIR' not defined
mips-openwrt-linux-gcc: warning: environment variable 'STAGING_DIR' not defined
mips-openwrt-linux-gcc: warning: environment variable 'STAGING_DIR' not defined
/tmp/cczTiSgz.o: In function `main':
/home/ravitejareddy/Desktop/HomeNextGen/rust-setup/hello/target/mips-unknown-linux-gnu/release/build/std-bb1aa19ae3055c84/out/rt/libbacktrace/conftest.c:69: undefined reference to `getexecname'
collect2: error: ld returned 1 exit status
configure:12416: $? = 1
configure: failed program was:
| /* confdefs.h */
| #define PACKAGE_NAME "package-unused"
| #define PACKAGE_TARNAME "libbacktrace"
| #define PACKAGE_VERSION "version-unused"
| #define PACKAGE_STRING "package-unused version-unused"
| #define PACKAGE_BUGREPORT ""
| #define PACKAGE_URL ""
| #define STDC_HEADERS 1
| #define HAVE_SYS_TYPES_H 1
| #define HAVE_SYS_STAT_H 1
| #define HAVE_STDLIB_H 1
| #define HAVE_STRING_H 1
| #define HAVE_MEMORY_H 1
| #define HAVE_STRINGS_H 1
| #define HAVE_INTTYPES_H 1
| #define HAVE_STDINT_H 1
| #define HAVE_UNISTD_H 1
| #define __EXTENSIONS__ 1
| #define _ALL_SOURCE 1
| #define _GNU_SOURCE 1
| #define _POSIX_PTHREAD_SEMANTICS 1
| #define _TANDEM_SOURCE 1
| #define HAVE_DLFCN_H 1
| #define LT_OBJDIR ".libs/"
| #define HAVE_GETIPINFO 1
| #define HAVE_SYNC_FUNCTIONS 1
| #define HAVE_ATOMIC_FUNCTIONS 1
| #define BACKTRACE_ELF_SIZE 32
| #define HAVE_SYS_MMAN_H 1
| #define HAVE_LINK_H 1
| #define HAVE_DL_ITERATE_PHDR 1
| #define HAVE_FCNTL 1
| #define HAVE_DECL_STRNLEN 1
| /* end confdefs.h.  */
| /* Define getexecname to an innocuous variant, in case <limits.h> declares getexecname.
|    For example, HP-UX 11i <limits.h> declares gettimeofday.  */
| #define getexecname innocuous_getexecname
| 
| /* System header to define __stub macros and hopefully few prototypes,
|     which can conflict with char getexecname (); below.
|     Prefer <limits.h> to <assert.h> if __STDC__ is defined, since
|     <limits.h> exists even on freestanding compilers.  */
| 
| #ifdef __STDC__
| # include <limits.h>
| #else
| # include <assert.h>
| #endif
| 
| #undef getexecname
| 
| /* Override any GCC internal prototype to avoid an error.
|    Use char because int might match the return type of a GCC
|    builtin and then its argument prototype would still apply.  */
| #ifdef __cplusplus
| extern "C"
| #endif
| char getexecname ();
| /* The GNU C library defines this for functions which it implements
|     to always fail with ENOSYS.  Some functions are actually named
|     something starting with __ and the normal name is an alias.  */
| #if defined __stub_getexecname || defined __stub___getexecname
| choke me
| #endif
| 
| int
| main ()
| {
| return getexecname ();
|   ;
|   return 0;
| }
configure:12416: result: no
configure:12430: checking whether tests can run
configure:12459: result: no
configure:12601: creating ./config.status

## ---------------------- ##
## Running config.status. ##
## ---------------------- ##

This file was extended by package-unused config.status version-unused, which was
generated by GNU Autoconf 2.64.  Invocation command line was

  CONFIG_FILES    = 
  CONFIG_HEADERS  = 
  CONFIG_LINKS    = 
  CONFIG_COMMANDS = 
  $ ./config.status 

on ubuntu

config.status:1122: creating Makefile
config.status:1122: creating backtrace-supported.h
config.status:1122: creating config.h
config.status:1335: executing libtool commands
config.status:1335: executing gstdint.h commands
config.status:1335: executing default commands

## ---------------- ##
## Cache variables. ##
## ---------------- ##

ac_cv_build=x86_64-unknown-linux-uclibc
ac_cv_c_compiler_gnu=yes
ac_cv_env_CC_set=set
ac_cv_env_CC_value=mips-openwrt-linux-gcc
ac_cv_env_CFLAGS_set=set
ac_cv_env_CFLAGS_value='-Wall -g -fPIC -mips32r2 -msoft-float -mabi=32 -fno-stack-protector'
ac_cv_env_CPPFLAGS_set=
ac_cv_env_CPPFLAGS_value=
ac_cv_env_CPP_set=
ac_cv_env_CPP_value=
ac_cv_env_LDFLAGS_set=
ac_cv_env_LDFLAGS_value=
ac_cv_env_LIBS_set=
ac_cv_env_LIBS_value=
ac_cv_env_build_alias_set=
ac_cv_env_build_alias_value=
ac_cv_env_host_alias_set=set
ac_cv_env_host_alias_value=x86_64-unknown-linux-gnu
ac_cv_env_target_alias_set=set
ac_cv_env_target_alias_value=mips-unknown-linux-gnu
ac_cv_func__Unwind_Backtrace=yes
ac_cv_func_dl_iterate_phdr=yes
ac_cv_func_fcntl=yes
ac_cv_func_getexecname=no
ac_cv_func_mmap=yes
ac_cv_have_decl_strnlen=yes
ac_cv_header_dlfcn_h=yes
ac_cv_header_inttypes_h=yes
ac_cv_header_link_h=yes
ac_cv_header_memory_h=yes
ac_cv_header_minix_config_h=no
ac_cv_header_stdc=yes
ac_cv_header_stdint_h=yes
ac_cv_header_stdlib_h=yes
ac_cv_header_string_h=yes
ac_cv_header_strings_h=yes
ac_cv_header_sys_mman_h=yes
ac_cv_header_sys_stat_h=yes
ac_cv_header_sys_types_h=yes
ac_cv_header_unistd_h=yes
ac_cv_header_unwind_h=yes
ac_cv_host=x86_64-unknown-linux-gnu
ac_cv_objext=o
ac_cv_path_EGREP='/bin/grep -E'
ac_cv_path_FGREP='/bin/grep -F'
ac_cv_path_GREP=/bin/grep
ac_cv_path_SED=/bin/sed
ac_cv_path_install='/usr/bin/install -c'
ac_cv_path_mkdir=/bin/mkdir
ac_cv_prog_AR=mips-openwrt-linux-ar
ac_cv_prog_AWK=gawk
ac_cv_prog_CC=mips-openwrt-linux-gcc
ac_cv_prog_CPP='mips-openwrt-linux-gcc -E'
ac_cv_prog_RANLIB='mips-openwrt-linux-ar s'
ac_cv_prog_STRIP=strip
ac_cv_prog_ac_ct_DUMPBIN='link -dump'
ac_cv_prog_ac_ct_OBJDUMP=objdump
ac_cv_prog_ac_ct_STRIP=strip
ac_cv_prog_cc_c89=
ac_cv_prog_cc_g=yes
ac_cv_prog_make_make_set=yes
ac_cv_safe_to_define___extensions__=yes
ac_cv_target=mips-unknown-linux-gnu
ac_cv_type_int_fast32_t=yes
ac_cv_type_int_least32_t=yes
ac_cv_type_u_int64_t=no
ac_cv_type_uint64_t=yes
ac_cv_type_uintmax_t=yes
ac_cv_type_uintptr_t=yes
acx_cv_header_stdint=stdint.h
acx_cv_header_stdint_kind='(already complete)'
acx_cv_prog_cc_warning__W=yes
acx_cv_prog_cc_warning__Wall=yes
acx_cv_prog_cc_warning__Wcast_qual=yes
acx_cv_prog_cc_warning__Wmissing_format_attribute=yes
acx_cv_prog_cc_warning__Wmissing_prototypes=yes
acx_cv_prog_cc_warning__Wold_style_definition=yes
acx_cv_prog_cc_warning__Wstrict_prototypes=yes
acx_cv_prog_cc_warning__Wwrite_strings=yes
libbacktrace_cv_c_random_seed_string=yes
libbacktrace_cv_c_unwind_tables=yes
libbacktrace_cv_sys_atomic=yes
libbacktrace_cv_sys_filetype=elf32
libbacktrace_cv_sys_native=no
libbacktrace_cv_sys_sync=yes
lt_cv_deplibs_check_method=pass_all
lt_cv_file_magic_cmd='$MAGIC_CMD'
lt_cv_file_magic_test_file=
lt_cv_ld_reload_flag=-r
lt_cv_nm_interface='BSD nm'
lt_cv_objdir=.libs
lt_cv_path_LD=/home/ravitejareddy/Desktop/HomeNextGen/openwrt/staging_dir/toolchain-mips_34kc_gcc-4.8-linaro_uClibc-0.9.33.2/mips-openwrt-linux-uclibc/bin/ld
lt_cv_path_NM=no
lt_cv_prog_compiler_c_o=yes
lt_cv_prog_compiler_pic_works=yes
lt_cv_prog_compiler_rtti_exceptions=no
lt_cv_prog_compiler_static_works=yes
lt_cv_prog_gnu_ld=yes
lt_cv_shlibpath_overrides_runpath=no
lt_cv_sys_global_symbol_pipe='sed -n -e '\''s/^.*[	 ]\([ABCDGIRSTW][ABCDGIRSTW]*\)[	 ][	 ]*\([_A-Za-z][_A-Za-z0-9]*\)$/\1 \2 \2/p'\'''
lt_cv_sys_global_symbol_to_c_name_address='sed -n -e '\''s/^: \([^ ]*\) $/  {\"\1\", (void *) 0},/p'\'' -e '\''s/^[ABCDGIRSTW]* \([^ ]*\) \([^ ]*\)$/  {"\2", (void *) \&\2},/p'\'''
lt_cv_sys_global_symbol_to_c_name_address_lib_prefix='sed -n -e '\''s/^: \([^ ]*\) $/  {\"\1\", (void *) 0},/p'\'' -e '\''s/^[ABCDGIRSTW]* \([^ ]*\) \(lib[^ ]*\)$/  {"\2", (void *) \&\2},/p'\'' -e '\''s/^[ABCDGIRSTW]* \([^ ]*\) \([^ ]*\)$/  {"lib\2", (void *) \&\2},/p'\'''
lt_cv_sys_global_symbol_to_cdecl='sed -n -e '\''s/^T .* \(.*\)$/extern int \1();/p'\'' -e '\''s/^[ABCDGIRSTW]* .* \(.*\)$/extern char \1;/p'\'''
lt_cv_sys_max_cmd_len=1572864

## ----------------- ##
## Output variables. ##
## ----------------- ##

ACLOCAL='aclocal-1.11'
ALLOC_FILE='mmap.lo'
AMTAR='tar'
AR='mips-openwrt-linux-ar'
AUTOCONF='autoconf'
AUTOHEADER='autoheader'
AUTOMAKE='automake-1.11'
AWK='gawk'
BACKTRACE_FILE='backtrace.lo simple.lo'
BACKTRACE_SUPPORTED='1'
BACKTRACE_SUPPORTS_THREADS='1'
BACKTRACE_USES_MALLOC='0'
CC='mips-openwrt-linux-gcc'
CFLAGS='-Wall -g -fPIC -mips32r2 -msoft-float -mabi=32 -fno-stack-protector'
CPP='mips-openwrt-linux-gcc -E'
CPPFLAGS=''
CYGPATH_W='echo'
DEFS='-DHAVE_CONFIG_H'
DSYMUTIL=''
DUMPBIN=':'
ECHO_C=''
ECHO_N='-n'
ECHO_T=''
EGREP='/bin/grep -E'
EXEEXT=''
EXTRA_FLAGS='-funwind-tables -frandom-seed=$@'
FGREP='/bin/grep -F'
FORMAT_FILE='elf.lo'
GREP='/bin/grep'
INSTALL_DATA='${INSTALL} -m 644'
INSTALL_PROGRAM='${INSTALL}'
INSTALL_SCRIPT='${INSTALL}'
INSTALL_STRIP_PROGRAM='$(install_sh) -c -s'
LD='/home/ravitejareddy/Desktop/HomeNextGen/openwrt/staging_dir/toolchain-mips_34kc_gcc-4.8-linaro_uClibc-0.9.33.2/mips-openwrt-linux-uclibc/bin/ld -m elf_i386'
LDFLAGS=''
LIBOBJS=''
LIBS=''
LIBTOOL='$(SHELL) $(top_builddir)/libtool'
LIPO=''
LN_S='ln -s'
LTLIBOBJS=''
MAINT='#'
MAINTAINER_MODE_FALSE=''
MAINTAINER_MODE_TRUE='#'
MAKEINFO='makeinfo'
MKDIR_P='/bin/mkdir -p'
NATIVE_FALSE=''
NATIVE_TRUE='#'
NM='nm'
NMEDIT=''
OBJDUMP='objdump'
OBJEXT='o'
OTOOL64=''
OTOOL=''
PACKAGE='libbacktrace'
PACKAGE_BUGREPORT=''
PACKAGE_NAME='package-unused'
PACKAGE_STRING='package-unused version-unused'
PACKAGE_TARNAME='libbacktrace'
PACKAGE_URL=''
PACKAGE_VERSION='version-unused'
PATH_SEPARATOR=':'
PIC_FLAG=''
RANLIB='mips-openwrt-linux-ar s'
SED='/bin/sed'
SET_MAKE=''
SHELL='/bin/bash'
STRIP='strip'
VERSION='version-unused'
VIEW_FILE='mmapio.lo'
WARN_FLAGS='-W -Wall -Wwrite-strings -Wstrict-prototypes -Wmissing-prototypes -Wold-style-definition -Wmissing-format-attribute -Wcast-qual'
ac_ct_CC=''
ac_ct_DUMPBIN='link -dump'
am__EXEEXT_FALSE=''
am__EXEEXT_TRUE='#'
am__isrc=' -I$(srcdir)'
am__leading_dot='.'
am__tar='${AMTAR} chof - "$$tardir"'
am__untar='${AMTAR} xf -'
bindir='${exec_prefix}/bin'
build='x86_64-unknown-linux-uclibc'
build_alias=''
build_cpu='x86_64'
build_os='linux-uclibc'
build_vendor='unknown'
datadir='${datarootdir}'
datarootdir='${prefix}/share'
docdir='${datarootdir}/doc/${PACKAGE_TARNAME}'
dvidir='${docdir}'
exec_prefix='${prefix}'
host='x86_64-unknown-linux-gnu'
host_alias='x86_64-unknown-linux-gnu'
host_cpu='x86_64'
host_os='linux-gnu'
host_vendor='unknown'
htmldir='${docdir}'
includedir='${prefix}/include'
infodir='${datarootdir}/info'
install_sh='${SHELL} /home/ravitejareddy/Desktop/HomeNextGen/rust-setup/rust/src/libbacktrace/install-sh'
libdir='${exec_prefix}/lib'
libexecdir='${exec_prefix}/libexec'
libtool_VERSION='1:0:0'
localedir='${datarootdir}/locale'
localstatedir='${prefix}/var'
mandir='${datarootdir}/man'
mkdir_p='/bin/mkdir -p'
multi_basedir=''
oldincludedir='/usr/include'
pdfdir='${docdir}'
prefix='/usr/local'
program_transform_name='s&^&mips-unknown-linux-gnu-&'
psdir='${docdir}'
sbindir='${exec_prefix}/sbin'
sharedstatedir='${prefix}/com'
sysconfdir='${prefix}/etc'
target='mips-unknown-linux-gnu'
target_alias='mips-unknown-linux-gnu'
target_cpu='mips'
target_os='linux-gnu'
target_vendor='unknown'

## ----------- ##
## confdefs.h. ##
## ----------- ##

/* confdefs.h */
#define PACKAGE_NAME "package-unused"
#define PACKAGE_TARNAME "libbacktrace"
#define PACKAGE_VERSION "version-unused"
#define PACKAGE_STRING "package-unused version-unused"
#define PACKAGE_BUGREPORT ""
#define PACKAGE_URL ""
#define STDC_HEADERS 1
#define HAVE_SYS_TYPES_H 1
#define HAVE_SYS_STAT_H 1
#define HAVE_STDLIB_H 1
#define HAVE_STRING_H 1
#define HAVE_MEMORY_H 1
#define HAVE_STRINGS_H 1
#define HAVE_INTTYPES_H 1
#define HAVE_STDINT_H 1
#define HAVE_UNISTD_H 1
#define __EXTENSIONS__ 1
#define _ALL_SOURCE 1
#define _GNU_SOURCE 1
#define _POSIX_PTHREAD_SEMANTICS 1
#define _TANDEM_SOURCE 1
#define HAVE_DLFCN_H 1
#define LT_OBJDIR ".libs/"
#define HAVE_GETIPINFO 1
#define HAVE_SYNC_FUNCTIONS 1
#define HAVE_ATOMIC_FUNCTIONS 1
#define BACKTRACE_ELF_SIZE 32
#define HAVE_SYS_MMAN_H 1
#define HAVE_LINK_H 1
#define HAVE_DL_ITERATE_PHDR 1
#define HAVE_FCNTL 1
#define HAVE_DECL_STRNLEN 1

configure: exit 0
